[     499ms] [WARNING] The width(-1) and height(-1) of chart should be greater than 0,
       please check the style of container, or the props width(100%) and height(100%),
       or add a minWidth(0) or minHeight(undefined) or use aspect(undefined) to control the
       height and width. @ http://localhost:8912/_next/static/chunks/b2b3e_next_dist_77a734fe._.js:2297
[     500ms] [WARNING] The width(-1) and height(-1) of chart should be greater than 0,
       please check the style of container, or the props width(100%) and height(100%),
       or add a minWidth(0) or minHeight(undefined) or use aspect(undefined) to control the
       height and width. @ http://localhost:8912/_next/static/chunks/b2b3e_next_dist_77a734fe._.js:2297
[     500ms] [WARNING] The width(-1) and height(-1) of chart should be greater than 0,
       please check the style of container, or the props width(100%) and height(100%),
       or add a minWidth(0) or minHeight(undefined) or use aspect(undefined) to control the
       height and width. @ http://localhost:8912/_next/static/chunks/b2b3e_next_dist_77a734fe._.js:2297
[     500ms] [WARNING] The width(-1) and height(-1) of chart should be greater than 0,
       please check the style of container, or the props width(100%) and height(100%),
       or add a minWidth(0) or minHeight(undefined) or use aspect(undefined) to control the
       height and width. @ http://localhost:8912/_next/static/chunks/b2b3e_next_dist_77a734fe._.js:2297
[     535ms] [WARNING] The width(-1) and height(-1) of chart should be greater than 0,
       please check the style of container, or the props width(100%) and height(100%),
       or add a minWidth(0) or minHeight(undefined) or use aspect(undefined) to control the
       height and width. @ http://localhost:8912/_next/static/chunks/b2b3e_next_dist_77a734fe._.js:2297
[     535ms] [WARNING] The width(-1) and height(-1) of chart should be greater than 0,
       please check the style of container, or the props width(100%) and height(100%),
       or add a minWidth(0) or minHeight(undefined) or use aspect(undefined) to control the
       height and width. @ http://localhost:8912/_next/static/chunks/b2b3e_next_dist_77a734fe._.js:2297
[     535ms] [WARNING] The width(-1) and height(-1) of chart should be greater than 0,
       please check the style of container, or the props width(100%) and height(100%),
       or add a minWidth(0) or minHeight(undefined) or use aspect(undefined) to control the
       height and width. @ http://localhost:8912/_next/static/chunks/b2b3e_next_dist_77a734fe._.js:2297
[     536ms] [WARNING] The width(-1) and height(-1) of chart should be greater than 0,
       please check the style of container, or the props width(100%) and height(100%),
       or add a minWidth(0) or minHeight(undefined) or use aspect(undefined) to control the
       height and width. @ http://localhost:8912/_next/static/chunks/b2b3e_next_dist_77a734fe._.js:2297
[     566ms] [WARNING] The width(-1) and height(-1) of chart should be greater than 0,
       please check the style of container, or the props width(100%) and height(100%),
       or add a minWidth(0) or minHeight(undefined) or use aspect(undefined) to control the
       height and width. @ http://localhost:8912/_next/static/chunks/b2b3e_next_dist_77a734fe._.js:2297
[     566ms] [WARNING] The width(-1) and height(-1) of chart should be greater than 0,
       please check the style of container, or the props width(100%) and height(100%),
       or add a minWidth(0) or minHeight(undefined) or use aspect(undefined) to control the
       height and width. @ http://localhost:8912/_next/static/chunks/b2b3e_next_dist_77a734fe._.js:2297
[     566ms] [WARNING] The width(-1) and height(-1) of chart should be greater than 0,
       please check the style of container, or the props width(100%) and height(100%),
       or add a minWidth(0) or minHeight(undefined) or use aspect(undefined) to control the
       height and width. @ http://localhost:8912/_next/static/chunks/b2b3e_next_dist_77a734fe._.js:2297
[     567ms] [WARNING] The width(-1) and height(-1) of chart should be greater than 0,
       please check the style of container, or the props width(100%) and height(100%),
       or add a minWidth(0) or minHeight(undefined) or use aspect(undefined) to control the
       height and width. @ http://localhost:8912/_next/static/chunks/b2b3e_next_dist_77a734fe._.js:2297
[    1767ms] [ERROR] Error: <polyline> attribute points: Expected number, "0,NaN 100,NaN". @ http://localhost:8912/_next/static/chunks/b2b3e_next_dist_compiled_react-dom_d19f9ff6._.js:1377
[    3783ms] [ERROR] Error: <polyline> attribute points: Expected number, "0,NaN 50,NaN 100,N…". @ http://localhost:8912/_next/static/chunks/b2b3e_next_dist_compiled_react-dom_d19f9ff6._.js:1377
[    5784ms] [ERROR] Error: <polyline> attribute points: Expected number, "0,NaN 33.333333333…". @ http://localhost:8912/_next/static/chunks/b2b3e_next_dist_compiled_react-dom_d19f9ff6._.js:1377
[    7783ms] [ERROR] Error: <polyline> attribute points: Expected number, "0,NaN 25,NaN 50,Na…". @ http://localhost:8912/_next/static/chunks/b2b3e_next_dist_compiled_react-dom_d19f9ff6._.js:1377
[    9787ms] [ERROR] Error: <polyline> attribute points: Expected number, "0,NaN 20,NaN 40,Na…". @ http://localhost:8912/_next/static/chunks/b2b3e_next_dist_compiled_react-dom_d19f9ff6._.js:1377
[   11785ms] [ERROR] Error: <polyline> attribute points: Expected number, "0,NaN 16.666666666…". @ http://localhost:8912/_next/static/chunks/b2b3e_next_dist_compiled_react-dom_d19f9ff6._.js:1377
[   13789ms] [ERROR] Error: <polyline> attribute points: Expected number, "0,NaN 14.285714285…". @ http://localhost:8912/_next/static/chunks/b2b3e_next_dist_compiled_react-dom_d19f9ff6._.js:1377
[  128544ms] [ERROR] Failed to load resource: the server responded with a status of 500 (Internal Server Error) @ http://localhost:8912/api/modules/file-browser/file?path=%2F.file&action=preview:0
[24336284ms] [WARNING] The width(-1) and height(-1) of chart should be greater than 0,
       please check the style of container, or the props width(100%) and height(100%),
       or add a minWidth(0) or minHeight(undefined) or use aspect(undefined) to control the
       height and width. @ http://localhost:8912/_next/static/chunks/b2b3e_next_dist_77a734fe._.js:2297
[24336286ms] [WARNING] The width(-1) and height(-1) of chart should be greater than 0,
       please check the style of container, or the props width(100%) and height(100%),
       or add a minWidth(0) or minHeight(undefined) or use aspect(undefined) to control the
       height and width. @ http://localhost:8912/_next/static/chunks/b2b3e_next_dist_77a734fe._.js:2297
[24336287ms] [WARNING] The width(-1) and height(-1) of chart should be greater than 0,
       please check the style of container, or the props width(100%) and height(100%),
       or add a minWidth(0) or minHeight(undefined) or use aspect(undefined) to control the
       height and width. @ http://localhost:8912/_next/static/chunks/b2b3e_next_dist_77a734fe._.js:2297
[24336287ms] [WARNING] The width(-1) and height(-1) of chart should be greater than 0,
       please check the style of container, or the props width(100%) and height(100%),
       or add a minWidth(0) or minHeight(undefined) or use aspect(undefined) to control the
       height and width. @ http://localhost:8912/_next/static/chunks/b2b3e_next_dist_77a734fe._.js:2297
[24337644ms] [ERROR] Error: <polyline> attribute points: Expected number, "0,NaN 100,NaN". @ http://localhost:8912/_next/static/chunks/b2b3e_next_dist_compiled_react-dom_d19f9ff6._.js:1377
[24339664ms] [ERROR] Error: <polyline> attribute points: Expected number, "0,NaN 50,NaN 100,N…". @ http://localhost:8912/_next/static/chunks/b2b3e_next_dist_compiled_react-dom_d19f9ff6._.js:1377
[24341663ms] [ERROR] Error: <polyline> attribute points: Expected number, "0,NaN 33.333333333…". @ http://localhost:8912/_next/static/chunks/b2b3e_next_dist_compiled_react-dom_d19f9ff6._.js:1377
[24632507ms] ReferenceError: FileText is not defined
    at TreeBranch (http://localhost:8912/_next/static/chunks/src_603a08f7._.js?id=%255Bproject%255D%252Fsrc%252Fmodules%252Ffile-browser%252Fui%252FFileBrowserPage.tsx+%255Bapp-client%255D+%2528ecmascript%2529:202:404)
    at Object.react_stack_bottom_frame (http://localhost:8912/_next/static/chunks/b2b3e_next_dist_compiled_react-dom_d19f9ff6._.js:14826:24)
    at renderWithHooks (http://localhost:8912/_next/static/chunks/b2b3e_next_dist_compiled_react-dom_d19f9ff6._.js:4651:24)
    at updateFunctionComponent (http://localhost:8912/_next/static/chunks/b2b3e_next_dist_compiled_react-dom_d19f9ff6._.js:6112:21)
    at beginWork (http://localhost:8912/_next/static/chunks/b2b3e_next_dist_compiled_react-dom_d19f9ff6._.js:6708:24)
    at runWithFiberInDEV (http://localhost:8912/_next/static/chunks/b2b3e_next_dist_compiled_react-dom_d19f9ff6._.js:965:74)
    at performUnitOfWork (http://localhost:8912/_next/static/chunks/b2b3e_next_dist_compiled_react-dom_d19f9ff6._.js:9562:97)
    at workLoopSync (http://localhost:8912/_next/static/chunks/b2b3e_next_dist_compiled_react-dom_d19f9ff6._.js:9456:40)
    at renderRootSync (http://localhost:8912/_next/static/chunks/b2b3e_next_dist_compiled_react-dom_d19f9ff6._.js:9440:13)
    at performWorkOnRoot (http://localhost:8912/_next/static/chunks/b2b3e_next_dist_compiled_react-dom_d19f9ff6._.js:9105:47)
    at performSyncWorkOnRoot (http://localhost:8912/_next/static/chunks/b2b3e_next_dist_compiled_react-dom_d19f9ff6._.js:10238:9)
    at flushSyncWorkAcrossRoots_impl (http://localhost:8912/_next/static/chunks/b2b3e_next_dist_compiled_react-dom_d19f9ff6._.js:10154:316)
    at flushSyncWork$1 (http://localhost:8912/_next/static/chunks/b2b3e_next_dist_compiled_react-dom_d19f9ff6._.js:9237:86)
    at Object.scheduleRefresh (http://localhost:8912/_next/static/chunks/b2b3e_next_dist_compiled_react-dom_d19f9ff6._.js:299:13)
    at http://localhost:8912/_next/static/chunks/b2b3e_next_dist_compiled_a8f11176._.js:391:33
    at Set.forEach (<anonymous>)
    at Object.performReactRefresh (http://localhost:8912/_next/static/chunks/b2b3e_next_dist_compiled_a8f11176._.js:384:38)
    at applyUpdate (http://localhost:8912/_next/static/chunks/b2b3e_next_dist_compiled_a8f11176._.js:878:31)
    at http://localhost:8912/_next/static/chunks/b2b3e_next_dist_compiled_a8f11176._.js:886:13
[24639760ms] [WARNING] [Fast Refresh] performing full reload because your application had an unrecoverable error @ http://localhost:8912/_next/static/chunks/b2b3e_next_dist_77a734fe._.js:2297
[24640567ms] [ERROR] Failed to load resource: the server responded with a status of 500 (Internal Server Error) @ http://localhost:8912/api/modules/file-browser?mode=tree&depth=1&path=%2F:0
[24640638ms] [ERROR] Failed to load resource: the server responded with a status of 500 (Internal Server Error) @ http://localhost:8912/api/modules/file-browser?mode=tree&depth=1&path=%2F:0
[24640661ms] [ERROR] Failed to load resource: the server responded with a status of 500 (Internal Server Error) @ http://localhost:8912/api/modules/file-browser?mode=tree&depth=1&path=%2F:0
